<?xml version="1.0" encoding="UTF-8"?>
<!-- Generated by org.testng.reporters.JUnitXMLReporter -->
<testsuite hostname="LAPTOP-TP27IF2R" ignored="21" tests="1" failures="0" timestamp="2020-04-11T17:37:13 PDT" time="11.07" errors="0">
  <testcase name="canGetSuccessfulNotification" time="3.708" classname="TheInternet"/>
  <testcase name="canClickGalleryButton" time="0.0" classname="TheInternet">
    <ignored/>
  </testcase> <!-- canClickGalleryButton -->
  <testcase name="canSwitchWindows" time="0.0" classname="TheInternet">
    <ignored/>
  </testcase> <!-- canSwitchWindows -->
  <testcase name="canHandleFloatingMenu" time="0.0" classname="TheInternet">
    <ignored/>
  </testcase> <!-- canHandleFloatingMenu -->
  <testcase name="canGetTextFromFrame" time="0.0" classname="TheInternet">
    <ignored/>
  </testcase> <!-- canGetTextFromFrame -->
  <testcase name="canSelectFromDrowdown" time="0.0" classname="TheInternet">
    <ignored/>
  </testcase> <!-- canSelectFromDrowdown -->
  <testcase name="canMouseOutOfPane" time="0.0" classname="TheInternet">
    <ignored/>
  </testcase> <!-- canMouseOutOfPane -->
  <testcase name="canGetAmountDue" time="0.0" classname="TheInternet">
    <ignored/>
  </testcase> <!-- canGetAmountDue -->
  <testcase name="canClickCheckBoxes" time="0.0" classname="TheInternet">
    <ignored/>
  </testcase> <!-- canClickCheckBoxes -->
  <testcase name="canDragAndDrop" time="0.0" classname="TheInternet">
    <ignored/>
  </testcase> <!-- canDragAndDrop -->
  <testcase name="canRightClickCotextMenu" time="0.0" classname="TheInternet">
    <ignored/>
  </testcase> <!-- canRightClickCotextMenu -->
  <testcase name="canViewBestSellers" time="0.0" classname="TheInternet">
    <ignored/>
  </testcase> <!-- canViewBestSellers -->
  <testcase name="canInputNumbers" time="0.0" classname="TheInternet">
    <ignored/>
  </testcase> <!-- canInputNumbers -->
  <testcase name="canSelectProfileThree" time="0.0" classname="TheInternet">
    <ignored/>
  </testcase> <!-- canSelectProfileThree -->
  <testcase name="canClickJSPromptButton" time="0.0" classname="TheInternet">
    <ignored/>
  </testcase> <!-- canClickJSPromptButton -->
  <testcase name="canDownloadTextFile" time="0.0" classname="TheInternet">
    <ignored/>
  </testcase> <!-- canDownloadTextFile -->
  <testcase name="canClickJSAlertButton" time="0.0" classname="TheInternet">
    <ignored/>
  </testcase> <!-- canClickJSAlertButton -->
  <testcase name="canClickJSConfirmButton" time="0.0" classname="TheInternet">
    <ignored/>
  </testcase> <!-- canClickJSConfirmButton -->
  <testcase name="canMoveSliderToMaxValue" time="0.0" classname="TheInternet">
    <ignored/>
  </testcase> <!-- canMoveSliderToMaxValue -->
  <testcase name="canPrintText" time="0.0" classname="TheInternet">
    <ignored/>
  </testcase> <!-- canPrintText -->
  <testcase name="canLogIn" time="0.0" classname="TheInternet">
    <ignored/>
  </testcase> <!-- canLogIn -->
  <testcase name="canClickLastMenuItem" time="0.0" classname="TheInternet">
    <ignored/>
  </testcase> <!-- canClickLastMenuItem -->
</testsuite>
