<?xml version="1.0" encoding="UTF-8"?>
<!-- Generated by org.testng.reporters.JUnitXMLReporter -->
<testsuite hostname="LAPTOP-TP27IF2R" ignored="2" tests="1" failures="0" timestamp="2020-02-29T09:57:52 PST" time="9.605" errors="0">
  <testcase name="canClickLuckyButton" time="0.27" classname="NewTest"/>
  <testcase name="f" time="0.0" classname="NewTest">
    <ignored/>
  </testcase> <!-- f -->
  <testcase name="launchChromeDriver" time="0.0" classname="NewTest">
    <ignored/>
  </testcase> <!-- launchChromeDriver -->
</testsuite>
